[debug] [2021-06-04T10:10:00.532Z] ----------------------------------------------------------------------
[debug] [2021-06-04T10:10:00.539Z] Command:       C:\Program Files\nodejs\node.exe C:\Users\Abhis\AppData\Roaming\npm\node_modules\firebase-tools\lib\bin\firebase.js emulators:start --only functions
[debug] [2021-06-04T10:10:00.540Z] CLI Version:   9.11.0
[debug] [2021-06-04T10:10:00.541Z] Platform:      win32
[debug] [2021-06-04T10:10:00.541Z] Node Version:  v14.16.1
[debug] [2021-06-04T10:10:00.543Z] Time:          Fri Jun 04 2021 15:40:00 GMT+0530 (India Standard Time)
[debug] [2021-06-04T10:10:00.543Z] ----------------------------------------------------------------------
[debug] 
[debug] [2021-06-04T10:10:00.579Z] > command requires scopes: ["email","openid","https://www.googleapis.com/auth/cloudplatformprojects.readonly","https://www.googleapis.com/auth/firebase","https://www.googleapis.com/auth/cloud-platform"]
[debug] [2021-06-04T10:10:00.580Z] > authorizing via signed-in user (abhishekgupta22021999@gmail.com)
[info] i  emulators: Starting emulators: functions {"metadata":{"emulator":{"name":"hub"},"message":"Starting emulators: functions"}}
[debug] [2021-06-04T10:10:00.642Z] [hub] writing locator at C:\Users\Abhis\AppData\Local\Temp\hub-ecommerce-website-292b7.json
[warn] !  functions: The following emulators are not running, calls to these services from the Functions emulator will affect production: auth, firestore, database, hosting, pubsub, storage {"metadata":{"emulator":{"name":"functions"},"message":"The following emulators are not running, calls to these services from the Functions emulator will affect production: \u001b[1mauth, firestore, database, hosting, pubsub, storage\u001b[22m"}}
[warn] !  Your requested "node" version "10" doesn't match your global version "14" {"metadata":{"emulator":{"name":"functions"},"message":"Your requested \"node\" version \"10\" doesn't match your global version \"14\""}}
[debug] [2021-06-04T10:10:00.751Z] defaultcredentials: writing to file C:\Users\Abhis\AppData\Roaming\firebase\abhishekgupta22021999_gmail_com_application_default_credentials.json
[debug] [2021-06-04T10:10:00.755Z] Setting GAC to C:\Users\Abhis\AppData\Roaming\firebase\abhishekgupta22021999_gmail_com_application_default_credentials.json {"metadata":{"emulator":{"name":"functions"},"message":"Setting GAC to C:\\Users\\Abhis\\AppData\\Roaming\\firebase\\abhishekgupta22021999_gmail_com_application_default_credentials.json"}}
[debug] [2021-06-04T10:10:00.758Z] > refreshing access token with scopes: []
[debug] [2021-06-04T10:10:00.760Z] >>> HTTP REQUEST POST https://www.googleapis.com/oauth2/v3/token  
 <request body omitted>
[debug] [2021-06-04T10:10:01.155Z] <<< HTTP RESPONSE 200 {"pragma":"no-cache","date":"Fri, 04 Jun 2021 10:10:00 GMT","cache-control":"no-cache, no-store, max-age=0, must-revalidate","expires":"Mon, 01 Jan 1990 00:00:00 GMT","content-type":"application/json; charset=utf-8","vary":"X-Origin, Referer, Origin,Accept-Encoding","server":"scaffolding on HTTPServer2","x-xss-protection":"0","x-frame-options":"SAMEORIGIN","x-content-type-options":"nosniff","alt-svc":"h3-29=\":443\"; ma=2592000,h3-T051=\":443\"; ma=2592000,h3-Q050=\":443\"; ma=2592000,h3-Q046=\":443\"; ma=2592000,h3-Q043=\":443\"; ma=2592000,quic=\":443\"; ma=2592000; v=\"46,43\"","accept-ranges":"none","transfer-encoding":"chunked"}
[debug] [2021-06-04T10:10:01.240Z] >>> [apiv2][query] GET https://firebase.googleapis.com/v1beta1/projects/ecommerce-website-292b7/adminSdkConfig [none]
[debug] [2021-06-04T10:10:02.153Z] <<< [apiv2][status] GET https://firebase.googleapis.com/v1beta1/projects/ecommerce-website-292b7/adminSdkConfig 200
[debug] [2021-06-04T10:10:02.153Z] <<< [apiv2][body] GET https://firebase.googleapis.com/v1beta1/projects/ecommerce-website-292b7/adminSdkConfig {"projectId":"ecommerce-website-292b7","storageBucket":"ecommerce-website-292b7.appspot.com","locationId":"asia-south1"}
[debug] [2021-06-04T10:10:03.490Z] Ignoring unsupported arg: auto_download {"metadata":{"emulator":{"name":"ui"},"message":"Ignoring unsupported arg: auto_download"}}
[debug] [2021-06-04T10:10:03.490Z] Ignoring unsupported arg: port {"metadata":{"emulator":{"name":"ui"},"message":"Ignoring unsupported arg: port"}}
[debug] [2021-06-04T10:10:03.490Z] Starting Emulator UI with command {"binary":"node","args":["C:\\Users\\Abhis\\.cache\\firebase\\emulators\\ui-v1.5.0\\server.bundle.js"],"optionalArgs":[],"joinArgs":false} {"metadata":{"emulator":{"name":"ui"},"message":"Starting Emulator UI with command {\"binary\":\"node\",\"args\":[\"C:\\\\Users\\\\Abhis\\\\.cache\\\\firebase\\\\emulators\\\\ui-v1.5.0\\\\server.bundle.js\"],\"optionalArgs\":[],\"joinArgs\":false}"}}
[info] i  ui: Emulator UI logging to ui-debug.log {"metadata":{"emulator":{"name":"ui"},"message":"Emulator UI logging to \u001b[1mui-debug.log\u001b[22m"}}
[debug] [2021-06-04T10:10:03.703Z] Web / API server started at http://localhost:4000
 {"metadata":{"emulator":{"name":"ui"},"message":"Web / API server started at http://localhost:4000\n"}}
[info] i  functions: Watching "C:\Users\Abhis\Desktop\Project\ecommerce_abhishek\functions" for Cloud Functions... {"metadata":{"emulator":{"name":"functions"},"message":"Watching \"C:\\Users\\Abhis\\Desktop\\Project\\ecommerce_abhishek\\functions\" for Cloud Functions..."}}
[debug] [2021-06-04T10:10:03.811Z] [worker-pool] addWorker(~diagnostic~) {"metadata":{"emulator":{"name":"functions"},"message":"[worker-pool] addWorker(~diagnostic~)"}}
[debug] [2021-06-04T10:10:03.812Z] [worker-pool] Adding worker with key ~diagnostic~, total=1 {"metadata":{"emulator":{"name":"functions"},"message":"[worker-pool] Adding worker with key ~diagnostic~, total=1"}}
[debug] [2021-06-04T10:10:03.812Z] [worker-pool] submitWork(triggerId=) {"metadata":{"emulator":{"name":"functions"},"message":"[worker-pool] submitWork(triggerId=)"}}
[debug] [2021-06-04T10:10:03.813Z] [worker-~diagnostic~-523e9d38-9240-4398-b054-f5d2d5a3b4b9]: Assigning socketPath: \\?\pipe\C:\Users\Abhis\Desktop\Project\ecommerce_abhishek\functions\4152 {"metadata":{"emulator":{"name":"functions"},"message":"[worker-~diagnostic~-523e9d38-9240-4398-b054-f5d2d5a3b4b9]: Assigning socketPath: \\\\?\\pipe\\C:\\Users\\Abhis\\Desktop\\Project\\ecommerce_abhishek\\functions\\4152"}}
[debug] [2021-06-04T10:10:03.814Z] [worker-~diagnostic~-523e9d38-9240-4398-b054-f5d2d5a3b4b9]: BUSY {"metadata":{"emulator":{"name":"functions"},"message":"[worker-~diagnostic~-523e9d38-9240-4398-b054-f5d2d5a3b4b9]: BUSY"}}
[debug] [2021-06-04T10:10:04.136Z] [runtime-status] [4152] Functions runtime initialized. {"cwd":"C:\\Users\\Abhis\\Desktop\\Project\\ecommerce_abhishek\\functions","node_version":"14.16.1"} {"metadata":{"emulator":{"name":"functions"},"message":"[runtime-status] [4152] Functions runtime initialized. {\"cwd\":\"C:\\\\Users\\\\Abhis\\\\Desktop\\\\Project\\\\ecommerce_abhishek\\\\functions\",\"node_version\":\"14.16.1\"}"}}
[debug] [2021-06-04T10:10:04.138Z] [runtime-status] [4152] Disabled runtime features: undefined {"metadata":{"emulator":{"name":"functions"},"message":"[runtime-status] [4152] Disabled runtime features: undefined"}}
[debug] [2021-06-04T10:10:04.151Z] [runtime-status] [4152] Resolved module firebase-admin {"declared":true,"installed":true,"version":"9.9.0","resolution":"C:\\Users\\Abhis\\Desktop\\Project\\ecommerce_abhishek\\functions\\node_modules\\firebase-admin\\lib\\index.js"} {"metadata":{"emulator":{"name":"functions"},"message":"[runtime-status] [4152] Resolved module firebase-admin {\"declared\":true,\"installed\":true,\"version\":\"9.9.0\",\"resolution\":\"C:\\\\Users\\\\Abhis\\\\Desktop\\\\Project\\\\ecommerce_abhishek\\\\functions\\\\node_modules\\\\firebase-admin\\\\lib\\\\index.js\"}"}}
[debug] [2021-06-04T10:10:04.157Z] [runtime-status] [4152] Resolved module firebase-functions {"declared":true,"installed":true,"version":"3.11.0","resolution":"C:\\Users\\Abhis\\Desktop\\Project\\ecommerce_abhishek\\functions\\node_modules\\firebase-functions\\lib\\index.js"} {"metadata":{"emulator":{"name":"functions"},"message":"[runtime-status] [4152] Resolved module firebase-functions {\"declared\":true,\"installed\":true,\"version\":\"3.11.0\",\"resolution\":\"C:\\\\Users\\\\Abhis\\\\Desktop\\\\Project\\\\ecommerce_abhishek\\\\functions\\\\node_modules\\\\firebase-functions\\\\lib\\\\index.js\"}"}}
[debug] [2021-06-04T10:10:04.160Z] [runtime-status] [4152] Resolved module firebase-functions {"declared":true,"installed":true,"version":"3.11.0","resolution":"C:\\Users\\Abhis\\Desktop\\Project\\ecommerce_abhishek\\functions\\node_modules\\firebase-functions\\lib\\index.js"} {"metadata":{"emulator":{"name":"functions"},"message":"[runtime-status] [4152] Resolved module firebase-functions {\"declared\":true,\"installed\":true,\"version\":\"3.11.0\",\"resolution\":\"C:\\\\Users\\\\Abhis\\\\Desktop\\\\Project\\\\ecommerce_abhishek\\\\functions\\\\node_modules\\\\firebase-functions\\\\lib\\\\index.js\"}"}}
[debug] [2021-06-04T10:10:04.162Z] [runtime-status] [4152] Outgoing network have been stubbed. [{"name":"http","status":"mocked"},{"name":"http","status":"mocked"},{"name":"https","status":"mocked"},{"name":"https","status":"mocked"},{"name":"net","status":"mocked"}] {"metadata":{"emulator":{"name":"functions"},"message":"[runtime-status] [4152] Outgoing network have been stubbed. [{\"name\":\"http\",\"status\":\"mocked\"},{\"name\":\"http\",\"status\":\"mocked\"},{\"name\":\"https\",\"status\":\"mocked\"},{\"name\":\"https\",\"status\":\"mocked\"},{\"name\":\"net\",\"status\":\"mocked\"}]"}}
[debug] [2021-06-04T10:10:04.163Z] [runtime-status] [4152] Resolved module firebase-functions {"declared":true,"installed":true,"version":"3.11.0","resolution":"C:\\Users\\Abhis\\Desktop\\Project\\ecommerce_abhishek\\functions\\node_modules\\firebase-functions\\lib\\index.js"} {"metadata":{"emulator":{"name":"functions"},"message":"[runtime-status] [4152] Resolved module firebase-functions {\"declared\":true,\"installed\":true,\"version\":\"3.11.0\",\"resolution\":\"C:\\\\Users\\\\Abhis\\\\Desktop\\\\Project\\\\ecommerce_abhishek\\\\functions\\\\node_modules\\\\firebase-functions\\\\lib\\\\index.js\"}"}}
[debug] [2021-06-04T10:10:04.858Z] [runtime-status] [4152] Checked functions.config() {"config":{}} {"metadata":{"emulator":{"name":"functions"},"message":"[runtime-status] [4152] Checked functions.config() {\"config\":{}}"}}
[debug] [2021-06-04T10:10:04.859Z] [runtime-status] [4152] firebase-functions has been stubbed. {"functionsResolution":{"declared":true,"installed":true,"version":"3.11.0","resolution":"C:\\Users\\Abhis\\Desktop\\Project\\ecommerce_abhishek\\functions\\node_modules\\firebase-functions\\lib\\index.js"}} {"metadata":{"emulator":{"name":"functions"},"message":"[runtime-status] [4152] firebase-functions has been stubbed. {\"functionsResolution\":{\"declared\":true,\"installed\":true,\"version\":\"3.11.0\",\"resolution\":\"C:\\\\Users\\\\Abhis\\\\Desktop\\\\Project\\\\ecommerce_abhishek\\\\functions\\\\node_modules\\\\firebase-functions\\\\lib\\\\index.js\"}}"}}
[debug] [2021-06-04T10:10:04.860Z] [runtime-status] [4152] Resolved module firebase-functions {"declared":true,"installed":true,"version":"3.11.0","resolution":"C:\\Users\\Abhis\\Desktop\\Project\\ecommerce_abhishek\\functions\\node_modules\\firebase-functions\\lib\\index.js"} {"metadata":{"emulator":{"name":"functions"},"message":"[runtime-status] [4152] Resolved module firebase-functions {\"declared\":true,\"installed\":true,\"version\":\"3.11.0\",\"resolution\":\"C:\\\\Users\\\\Abhis\\\\Desktop\\\\Project\\\\ecommerce_abhishek\\\\functions\\\\node_modules\\\\firebase-functions\\\\lib\\\\index.js\"}"}}
[debug] [2021-06-04T10:10:04.863Z] [runtime-status] [4152] Resolved module firebase-admin {"declared":true,"installed":true,"version":"9.9.0","resolution":"C:\\Users\\Abhis\\Desktop\\Project\\ecommerce_abhishek\\functions\\node_modules\\firebase-admin\\lib\\index.js"} {"metadata":{"emulator":{"name":"functions"},"message":"[runtime-status] [4152] Resolved module firebase-admin {\"declared\":true,\"installed\":true,\"version\":\"9.9.0\",\"resolution\":\"C:\\\\Users\\\\Abhis\\\\Desktop\\\\Project\\\\ecommerce_abhishek\\\\functions\\\\node_modules\\\\firebase-admin\\\\lib\\\\index.js\"}"}}
[debug] [2021-06-04T10:10:04.864Z] [runtime-status] [4152] Resolved module firebase-functions {"declared":true,"installed":true,"version":"3.11.0","resolution":"C:\\Users\\Abhis\\Desktop\\Project\\ecommerce_abhishek\\functions\\node_modules\\firebase-functions\\lib\\index.js"} {"metadata":{"emulator":{"name":"functions"},"message":"[runtime-status] [4152] Resolved module firebase-functions {\"declared\":true,\"installed\":true,\"version\":\"3.11.0\",\"resolution\":\"C:\\\\Users\\\\Abhis\\\\Desktop\\\\Project\\\\ecommerce_abhishek\\\\functions\\\\node_modules\\\\firebase-functions\\\\lib\\\\index.js\"}"}}
[debug] [2021-06-04T10:10:04.864Z] [runtime-status] [4152] firebase-admin has been stubbed. {"adminResolution":{"declared":true,"installed":true,"version":"9.9.0","resolution":"C:\\Users\\Abhis\\Desktop\\Project\\ecommerce_abhishek\\functions\\node_modules\\firebase-admin\\lib\\index.js"}} {"metadata":{"emulator":{"name":"functions"},"message":"[runtime-status] [4152] firebase-admin has been stubbed. {\"adminResolution\":{\"declared\":true,\"installed\":true,\"version\":\"9.9.0\",\"resolution\":\"C:\\\\Users\\\\Abhis\\\\Desktop\\\\Project\\\\ecommerce_abhishek\\\\functions\\\\node_modules\\\\firebase-admin\\\\lib\\\\index.js\"}}"}}
