[debug] [2021-05-19T03:40:42.428Z] ----------------------------------------------------------------------
[debug] [2021-05-19T03:40:42.431Z] Command:       C:\Program Files\nodejs\node.exe C:\Users\Abhis\AppData\Roaming\npm\node_modules\firebase-tools\lib\bin\firebase.js init
[debug] [2021-05-19T03:40:42.431Z] CLI Version:   9.11.0
[debug] [2021-05-19T03:40:42.431Z] Platform:      win32
[debug] [2021-05-19T03:40:42.432Z] Node Version:  v14.16.1
[debug] [2021-05-19T03:40:42.433Z] Time:          Wed May 19 2021 09:10:42 GMT+0530 (India Standard Time)
[debug] [2021-05-19T03:40:42.433Z] ----------------------------------------------------------------------
[debug] 
[debug] [2021-05-19T03:40:42.443Z] > command requires scopes: ["email","openid","https://www.googleapis.com/auth/cloudplatformprojects.readonly","https://www.googleapis.com/auth/firebase","https://www.googleapis.com/auth/cloud-platform"]
[debug] [2021-05-19T03:40:42.443Z] > authorizing via signed-in user (abhishekgupta22021999@gmail.com)
[info] 
     ######## #### ########  ######## ########     ###     ######  ########
     ##        ##  ##     ## ##       ##     ##  ##   ##  ##       ##
     ######    ##  ########  ######   ########  #########  ######  ######
     ##        ##  ##    ##  ##       ##     ## ##     ##       ## ##
     ##       #### ##     ## ######## ########  ##     ##  ######  ########

You're about to initialize a Firebase project in this directory:

  C:\Users\Abhis\Desktop\ecommerce

Before we get started, keep in mind:

  * You are initializing in an existing Firebase project directory

